# JRE version: OpenJDK Runtime Environment JBR-21.0.4+13-509.17-jcef (21.0.4+13) (build 21.0.4+13-b509.17)
# Java VM: OpenJDK 64-Bit Server VM JBR-21.0.4+13-509.17-jcef (21.0.4+13-b509.17, mixed mode, emulated-client, tiered, compressed oops, compressed class ptrs, g1 gc, windows-amd64)
GC Precious Log:
 CardTable entry size: 512
 Card Set container configuration: InlinePtr #cards 4 size 8 Array Of Cards #cards 32 size 80 Howl #buckets 8 coarsen threshold 7372 Howl Bitmap #cards 1024 size 144 coarsen threshold 921 Card regions per heap region 1 cards per card region 8192
 CPUs: 12 total, 12 available
 Memory: 32694M
 Large Page Support: Disabled
 NUMA Support: Disabled
 Compressed Oops: Enabled (Zero based)
 Heap Region Size: 4M
 Heap Min Capacity: 8M
 Heap Initial Capacity: 512M
 Heap Max Capacity: 8176M
 Pre-touch: Disabled
 Parallel Workers: 10
 Concurrent Workers: 3
 Concurrent Refinement Workers: 10
 Periodic GC: Disabled
Heap:
 garbage-first heap   total 180224K, used 70940K [0x0000000601000000, 0x0000000800000000)
  region size 4096K, 7 young (28672K), 2 survivors (8192K)
 Metaspace       used 127557K, committed 128896K, reserved 1179648K
  class space    used 17124K, committed 17664K, reserved 1048576K
GC Heap History (20 events):
Event: 21.239 GC heap before
{Heap before GC invocations=50 (full 0):
 garbage-first heap   total 196608K, used 150556K [0x0000000601000000, 0x0000000800000000)
  region size 4096K, 28 young (114688K), 2 survivors (8192K)
 Metaspace       used 112749K, committed 113600K, reserved 1179648K
  class space    used 14978K, committed 15360K, reserved 1048576K
}
Event: 21.241 GC heap after
{Heap after GC invocations=51 (full 0):
 garbage-first heap   total 196608K, used 48175K [0x0000000601000000, 0x0000000800000000)
  region size 4096K, 2 young (8192K), 2 survivors (8192K)
 Metaspace       used 112749K, committed 113600K, reserved 1179648K
  class space    used 14978K, committed 15360K, reserved 1048576K
}
Event: 46.234 GC heap before
{Heap before GC invocations=51 (full 0):
 garbage-first heap   total 196608K, used 154671K [0x0000000601000000, 0x0000000800000000)
  region size 4096K, 28 young (114688K), 2 survivors (8192K)
 Metaspace       used 115760K, committed 116672K, reserved 1179648K
  class space    used 15443K, committed 15872K, reserved 1048576K
}
Event: 46.236 GC heap after
{Heap after GC invocations=52 (full 0):
 garbage-first heap   total 196608K, used 48618K [0x0000000601000000, 0x0000000800000000)
  region size 4096K, 2 young (8192K), 2 survivors (8192K)
 Metaspace       used 115760K, committed 116672K, reserved 1179648K
  class space    used 15443K, committed 15872K, reserved 1048576K
}
Event: 47.024 GC heap before
{Heap before GC invocations=52 (full 0):
 garbage-first heap   total 196608K, used 142826K [0x0000000601000000, 0x0000000800000000)
  region size 4096K, 27 young (110592K), 2 survivors (8192K)
 Metaspace       used 118218K, committed 119104K, reserved 1179648K
  class space    used 15861K, committed 16256K, reserved 1048576K
}
Event: 47.027 GC heap after
{Heap after GC invocations=53 (full 0):
 garbage-first heap   total 196608K, used 51265K [0x0000000601000000, 0x0000000800000000)
  region size 4096K, 2 young (8192K), 2 survivors (8192K)
 Metaspace       used 118218K, committed 119104K, reserved 1179648K
  class space    used 15861K, committed 16256K, reserved 1048576K
}
Event: 47.347 GC heap before
{Heap before GC invocations=54 (full 0):
 garbage-first heap   total 180224K, used 145473K [0x0000000601000000, 0x0000000800000000)
  region size 4096K, 26 young (106496K), 2 survivors (8192K)
 Metaspace       used 118534K, committed 119424K, reserved 1179648K
  class space    used 15933K, committed 16384K, reserved 1048576K
}
Event: 47.350 GC heap after
{Heap after GC invocations=55 (full 0):
 garbage-first heap   total 180224K, used 52874K [0x0000000601000000, 0x0000000800000000)
  region size 4096K, 3 young (12288K), 3 survivors (12288K)
 Metaspace       used 118534K, committed 119424K, reserved 1179648K
  class space    used 15933K, committed 16384K, reserved 1048576K
}
Event: 52.098 GC heap before
{Heap before GC invocations=55 (full 0):
 garbage-first heap   total 180224K, used 142986K [0x0000000601000000, 0x0000000800000000)
  region size 4096K, 26 young (106496K), 3 survivors (12288K)
 Metaspace       used 121468K, committed 122432K, reserved 1179648K
  class space    used 16385K, committed 16832K, reserved 1048576K
}
Event: 52.102 GC heap after
{Heap after GC invocations=56 (full 0):
 garbage-first heap   total 180224K, used 53191K [0x0000000601000000, 0x0000000800000000)
  region size 4096K, 3 young (12288K), 3 survivors (12288K)
 Metaspace       used 121468K, committed 122432K, reserved 1179648K
  class space    used 16385K, committed 16832K, reserved 1048576K
}
Event: 54.717 GC heap before
{Heap before GC invocations=56 (full 0):
 garbage-first heap   total 180224K, used 143303K [0x0000000601000000, 0x0000000800000000)
  region size 4096K, 26 young (106496K), 3 survivors (12288K)
 Metaspace       used 122846K, committed 123776K, reserved 1179648K
  class space    used 16591K, committed 17024K, reserved 1048576K
}
Event: 54.721 GC heap after
{Heap after GC invocations=57 (full 0):
 garbage-first heap   total 180224K, used 53730K [0x0000000601000000, 0x0000000800000000)
  region size 4096K, 3 young (12288K), 3 survivors (12288K)
 Metaspace       used 122846K, committed 123776K, reserved 1179648K
  class space    used 16591K, committed 17024K, reserved 1048576K
}
Event: 55.754 GC heap before
{Heap before GC invocations=57 (full 0):
 garbage-first heap   total 180224K, used 143842K [0x0000000601000000, 0x0000000800000000)
  region size 4096K, 26 young (106496K), 3 survivors (12288K)
 Metaspace       used 126352K, committed 127360K, reserved 1179648K
  class space    used 17006K, committed 17472K, reserved 1048576K
}
Event: 55.757 GC heap after
{Heap after GC invocations=58 (full 0):
 garbage-first heap   total 180224K, used 53781K [0x0000000601000000, 0x0000000800000000)
  region size 4096K, 3 young (12288K), 3 survivors (12288K)
 Metaspace       used 126352K, committed 127360K, reserved 1179648K
  class space    used 17006K, committed 17472K, reserved 1048576K
}
Event: 56.822 GC heap before
{Heap before GC invocations=58 (full 0):
 garbage-first heap   total 180224K, used 143893K [0x0000000601000000, 0x0000000800000000)
  region size 4096K, 26 young (106496K), 3 survivors (12288K)
 Metaspace       used 126401K, committed 127424K, reserved 1179648K
  class space    used 17012K, committed 17472K, reserved 1048576K
}
Event: 56.825 GC heap after
{Heap after GC invocations=59 (full 0):
 garbage-first heap   total 180224K, used 54077K [0x0000000601000000, 0x0000000800000000)
  region size 4096K, 3 young (12288K), 3 survivors (12288K)
 Metaspace       used 126401K, committed 127424K, reserved 1179648K
  class space    used 17012K, committed 17472K, reserved 1048576K
}
Event: 133.003 GC heap before
{Heap before GC invocations=59 (full 0):
 garbage-first heap   total 180224K, used 144189K [0x0000000601000000, 0x0000000800000000)
  region size 4096K, 26 young (106496K), 3 survivors (12288K)
 Metaspace       used 127321K, committed 128320K, reserved 1179648K
  class space    used 17137K, committed 17600K, reserved 1048576K
}
Event: 133.006 GC heap after
{Heap after GC invocations=60 (full 0):
 garbage-first heap   total 180224K, used 55110K [0x0000000601000000, 0x0000000800000000)
  region size 4096K, 3 young (12288K), 3 survivors (12288K)
 Metaspace       used 127321K, committed 128320K, reserved 1179648K
  class space    used 17137K, committed 17600K, reserved 1048576K
}
Event: 143.050 GC heap before
{Heap before GC invocations=60 (full 0):
 garbage-first heap   total 180224K, used 83782K [0x0000000601000000, 0x0000000800000000)
  region size 4096K, 11 young (45056K), 3 survivors (12288K)
 Metaspace       used 127820K, committed 128832K, reserved 1179648K
  class space    used 17204K, committed 17664K, reserved 1048576K
}
Event: 143.054 GC heap after
{Heap after GC invocations=61 (full 0):
 garbage-first heap   total 180224K, used 54556K [0x0000000601000000, 0x0000000800000000)
  region size 4096K, 2 young (8192K), 2 survivors (8192K)
 Metaspace       used 127820K, committed 128832K, reserved 1179648K
  class space    used 17204K, committed 17664K, reserved 1048576K
}

